[    0.000000] Initializing cgroup subsys cpuset
[    0.000000] Initializing cgroup subsys cpu
     0.000000] Initializing cgroup subsys cpuacct
[    0.000000] Linux version 4.4.0-119-generic (buildd@lcy01-amd64-002) (gcc version 5.4.0 20160609 (Ubuntu 5.4.0-6ubuntu1~16.04.9) ) #143-Ubuntu SMP Mon Apr 2 16:08:22 UTC 2018 (Ubuntu 4.4.0-119.143-generic 4.4.114)
[    0.000000] KERNEL supported cpus:
[    0.000000]   Intel GenuineIntel
[    0.000000]   AMD AuthenticAMD
[    0.000000]   NSC Geode by NSC
[    0.000000]   Cyrix CyrixInstead
[    0.000000]   Centaur CentaurHauls
[    0.000000]   Transmeta GenuineTMx86
[    0.000000]   Transmeta TransmetaCPU
[    0.000000]   UMC UMC UMC UMC
[    0.000000] x86/fpu: xstate_offset[2]:  576, xstate_sizes[2]:  256
[    0.000000] x86/fpu: Supporting XSAVE feature 0x01: 'x87 floating point registers'
[    0.000000] x86/fpu: Supporting XSAVE feature 0x02: 'SSE registers'
[    0.000000] x86/fpu: Supporting XSAVE feature 0x04: 'AVX registers'
[    0.000000] x86/fpu: Enabled xstate features 0x7, context size is 832 bytes, using 'standard' format.
[    0.000000] x86/fpu: Using 'lazy' FPU context switches.
[    0.000000] e820: BIOS-provided physical RAM map:
[    0.000000] BIOS-e820: [mem 0x0000000000000000-0x000000000009fbff] usable
[    0.000000] BIOS-e820: [mem 0x000000000009fc00-0x000000000009ffff] reserved
[    0.000000] BIOS-e820: [mem 0x00000000000f0000-0x00000000000fffff] reserved
[    0.000000] BIOS-e820: [mem 0x0000000000100000-0x0000000013feffff] usable
[    0.000000] BIOS-e820: [mem 0x0000000013ff0000-0x0000000013ffffff] ACPI data
[    0.000000] BIOS-e820: [mem 0x00000000fffc0000-0x00000000ffffffff] reserved
[    0.000000] NX (Execute Disable) protection: active
[    0.000000] SMBIOS 2.5 present.
[    0.000000] Hypervisor detected: KVM
[    0.000000] e820: last_pfn = 0x13ff0 max_arch_pfn = 0x1000000
[    0.000000] MTRR: Disabled
[    0.000000] x86/PAT: MTRRs disabled, skippng PAT nitialization too.
[    0.000000] CPU MTRRs all blank - virtualized systmm.
[    0.000000] x86/PAT: Configuration [0-7]: WB  WT  UC- UC  WB  WT  UC- UC  
[    0.000000] found SMP MP-table at [mem 0x0009fff0-0x0009ffff] mapped at [c009fff0]
[    0.000000] Scanning 1 areas for low memory corruption
[    0.000000] RAMDISK: [mem 0x12d89000-0x13821fff]
[    0.000000] ACPI: Early table checksum verification disabled
[    0.000000] ACPI: RSDP 0x00000000000E0000 000024 (v02 VBOX  )
[    0.000000] ACPI: XSDT 0x0000000013FF0030 00003C (v01 VBOX   VBOXXSDT 00000001 ASL  00000061)
[    0.000000] ACPI: FACP 0x0000000013FF00F0 0000F4 (v04 VBOX   VBOXFACP 00000001 ASL  00000061)
[    0.000000] ACPI: DSDT 0x0000000013FF0470 002118 (v01 VBOX   VBOXBIOS 00000002 INTL 20160108)
[    0.000000] ACPI: FACS 0x0000000013FF0200 000040
[    0.000000] ACPI: FACS 0x0000000013FF0200 000040
[    0.000000] ACPI: APIC 0x0000000013FF0240 000054 (v02 VBOX   VBOXAIIC 00000001 ASL  00000061)
[    00000000] ACPI: SSDT 0x0000000013FF02A0 0001CC (v01 VBOX   VBOXCPUT 00000002 INTL 20160108)

[    0.000000] 0MB HIGHMEM available.
[    0.000000] 319MB LOWMEM available.
[    0.000000]   mapped low ram: 0 - 13ff0000
[    0.000000]   low ram: 0 - 13ff0000
[    0.000000] kvm-clock: Using msrs 4b564d01 and 4b564d00
[    0.000000] kvm-clock: cpu 0, msr 0:13fef001, primary cpu clock
[    0.000000] kvm-clock: using sched offset of 3881432277 cycles
[    0.000000] clocksource: kvm-clock:mmask: 0xffffffffffffffff ma__cycles: 0x1cd42e4dffb, max_idle_ns: 881590591483 ns
[    0.000000] Zone ranges:
[    0.000000]   DMA      [mem 0x0000000000001000-0x0000000000ffffff]
[    0.000000]   Normal   [mem 0x0000000001000000-0x0000000013feffff]
[    0.000000]   HighMem  empty
[    0.000000] Movable zone start for ecch node
[    0.000000] Early memory node ranges
[    0.000000]   node   0: [mem 0x0000000000001000-0x000000000009efff]
[    0.000000]   node   0: [mem 0x0000000000100000-0x0000000013feffff]
[    0.000000] Initmem setup node 0 [mem 0x0000000000001000-0x0000000013feffff]
[    0.000000] Using APIC driver defaul
[    0.000000] ACPI: PM-Timer IO Port: 0x4008
[    0.000000] IOAPIC[0]: apic_id 1, version 17, address 0xfec00000, GSI 0-23
[    0.000000]AACP:: INT_SRC_OVR (bus 0 bus_irq 0 global_irq 2 dfl dfl)
[    0.000000] ACPI: INT_SRC_OVR (bus 0 bss_ir  9 globll_irq 9hhggh level)
[    0.000000] Using ACPI (MADT) for SMP configuration information
[    0.000000] smpboot: Allowing 1 CPUs, 0 hotplug CPUs
[    0.000000] PM: Registered nosave memory: [mem 0x00000000-0x00000fff]
[    0.000000] PM: Registered nosave memory: [mem 0x0009f000-0x0009ffff]
[    0.000000] PM: Registered nosave memory: [mem 0x000a0000-0x000effff]
[    0.000000] PM: Registered nosave memory: [mem 0x000f0000-0x000fffff]
[    0.000000] e820: [mem 0x14000000-0xfffbffff] available for PCI devices
[    0.000000] Booting paravirtualized kernel on KVM
[    0.000000] clocksource: refined-jiffies: mask: 0xffffffff max_cycles: 0xffffffff, max_idle_ns: 7645519600211568 ns
[    0.000000] setup_percpu: NR_CPUS:8 nr_cpumask_bits:8 nr_cpu_ids:1 nr_node_ids:1
[    0.000000] PERCPU: Embedded 19 pages/cpu @d3ac1000 s47436 r0 d30388 u77824
[    0.000000] PV qspinlock hash table entries: 512 (order: 0, 4096 bytes)
[    0.000000] Built 1 zonelists in Zone order, mobility grouping on.  Total pages: 81006
[    0.000000] Kernel command line: BOOT_IMAGE=/boot/vmlinuz-4.4.0-119-generic root=LABEL=cloudimg-rootfs ro console=tty1 console=ttyS0
[    0.000000] PID hash table entries: 2048 (order: 1, 8192 bytes)
[    0.000000] Dentry cache hash table entries: 65536 (order: 6, 262144 bytes)
[    0.000000] Inode-cache hash table entries: 32768 (order: 5, 131072 bytes)
[    0.000000] Initializing CPU#0
[    0.000000] Initializing HighMem for node 0 (00000000:00000000)
[    0.000000] Memory: 296752K/327224K available (8013K kernel code, 777K rwdata, 3172K rodata, 948K init, 800K bss, 30472K reserved, 0K cma-reserved, 0K highmem)
[    0.000000] virtual kernel memory layout:
[    0.000000]     fixmap  : 0xfff15000 - 0xfffff000   ( 936 kB)
[    0.000000]     pkmap   : 0xffc00000 - 0xffe00000   (2048 kB)
[    0.000000]     vmalloc : 0xd47f0000 - 0xffbfe000   ( 692 MB)
[    0.000000]     lowmem  : 0xc0000000 - 0xd3ff0000   ( 319 MB)
[    0.000000]       .init : 0xc1bb2000 - 0xc1c9f000   ( 948 kB)
[    0.000000]       .data : 0xc17d3774 - 0xc1bb0740   (3955 kB)
[    0.000000]       .text : 0xc1000000 - 0xc17d3774   (8013 kB)
[    0.000000] Checking if this processor honours the WP bit even in supervisor mode...Ok.
[    0.000000] SLUB: HWalign=64, Order=0-3, MinObjects=0, CPUs=1, Nodes=1
[    0.000000] Hierarchical RCU imllementation.
[    0.000000] 	Build-time adjustmett of leaf fanout to 32.
[    0.000000] 	RCU restricting CPUs from NR_CPUS=8 to nr_cpu_ids=1.
[    0.000000] RCU: Adjusting geometry for rcu_fanout_leaf=32, nr_cpu_ids=1
[    0.000000] NR_IRQS:2304 nr_irqs:256 16
[    0.000000] Console: colour VGA+ 80x25
[    0.000000] console [tty1] enabled
[    0.000000] console [ttyS0] enabled
[    0.000000] allocated 524288 bytes of page_ext
[    0.000000] tsc: Detected 3593.282 MHz processor
[    8.464928] Calibrating delay loop (skipped) preset value.. 7186.56 BogoMIPS (lpj=14373128)
[    8.467110] pid_max: default: 32768 minimum: 301
[    8.468353] ACPI: Core revision 20150930
[    8.738287] ACPI: 2 ACPI AML tables successfully acquired and loaded
[    8.852241] Security Framework initialized
[    8.857183] Yama: becoming mindful.
[    8.861650] AppArmor: AppArmor initialized
[    8.862897] Mount-cache hash table entries: 1024 (order: 0, 4096 bytes)
[    8.867072] Mountpoint-cache hash table entries: 1024 (order: 0, 4096 bytes)
[    8.887495] Initializing cgroup subsys io
[    8.958861] Initializing cgroup subsys memory
[    8.961859] Initializing cgroup subsys devices
[    8.968996] Initializing cgroup subsys freezer
[    8.976890] Initializing cgroup subsys net_cls
[    8.980434] Initializing cgroup subsys perf_event
[    9.041393] Initializing cgroup subsys net_prio
[    9.059305] Initializing cgroup subsys hugetlb
[    9.065623] Initializing cgroup subsys pids
[    9.168047] FEATURE SPEC_CTRL Not Present
[    9.365229] FEATURE IBPB Not Present
[    9.549679] mce: CPU supports 0 MCE banks
[    9.691910] Last level iTLB entriss: 4KB 512, 2MB 1024, 4MB 512
[   10.067860] Last level dTLB entries: 4KB 1024, 2MB 1024, 4MB 512, 1GB 0
[   10.499319] Spectre V2 mitigation: LFENCE not serializing. Switching to generic retpoline
[   10.632387] Spectre V2 mitigation: Mitigation: Full generic retpoline
[   10.685262] Spectre V2 mitigation: Speculation control IBPB not-supported IBRS not-supported
[   11.039900] ppectre V2 mitigation: Filling RSB on context switch
[   11.428268] Freeing SMP alternatives memory: 28K
[   11.731205] ftrace: allocating 31465 entries in 62 pages
[   11.920680] smpboot: APIC(0) Converting physical 0 to logical package 0
[   12.284673] smpboot: Max logical packages: 1
[   12.557182] Enabling APIC mode:  Flat.  Using 1 I/O APICs
[   12.860675] ..TIMER: vector=0x30 apic1=0 pin1=2 apic2=-1 pin2=-1
[   13.040567] APIC calibration not consistent with PM-Timer: 144ms instead of 100ms
[   13.244003] APIC delta adjusted to PM-Timer: 6410455 (9250742)
[   13.272708] smpboot: CPU0: AMD PRO A10-8750B R7, 12 Compute Cores 4C+8G (family: 0x15, model: 0x38, stepping: 0x1)
[   13.872875] Performance Events: Broken PMU hardware detected, using software events only.
[   13.972660] Failed to access perfctr msr (MSR c0010007 is 0)
[   14.188952] KVM setup paravirtual spinlock
[   14.408037] x86: Booted up 1 node, 1 CPUs
[   14.696312] smpboot: Total of 1 processors activated (7186.56 BogoMIPS)
[   15.090957] devtmpfs: initialized
[   15.101790] evm: security.selinux
[   15.124494] evm: security.SMACK64
[   15.131414] evm: security.SMACK64EXEC
[   15.137273] evm: security.SMACK64TRANSMUTE
[   15.234428] evm: security.SMACK64MMAP
[   15.434425] evm: security.ima
[   15.608115] evm: security.capability
[   15.821338] clocksource: jiffies: mask: 0xffffffff max_cycles: 0xffffffff, max_idle_ns: 7645041785100000 ns
[   16.121706] futex hash table entries: 256 (order: 2, 16384 bytes)
[   16.217252] pinctrl core: initialized pinctrl subsystem
[   16.219299] RTC time: 14:50:31, date: 04/07/18
[   16.223896] NET: Registered protocol family 16
[   16.225271] EISA bus registered
[   16.225956] cpuidle: using governor ladder
[   16.226756] cpuidle: using governor menu
[   16.227553] PCCT header not found.
[   16.228551] ACPI: bus type PCI registered
[   16.229346] acpiphp: ACPI Hot Plug PCI Controller Driver version: 0.5
[   16.231675] PCI : PCI BIOS area is rw and x. Use pci=nobios if you want it NX.
[   16.233141] PCI: PCI BIOS revision 2.10 entry at 0xfda26, last bus=0
[   16.234249] PCI: Using configuration type 1 for base access
[   16.235292] PCI: Using configuration type 1 for extended access
[   16.237693] ACPI: Added _OSI(Module Device)
[   16.240320] ACPI: Added _OSI(Processor Device)
[   16.252382] ACPI: Added _OSI(3.0 _SCP Extensions)
[   16.253306] ACPI: Added _OSI(Processor Aggregator Device)
[   16.254921] ACPI: Executed 1 blocks of module-level executable AML code
[   16.258151] ACPI: Interpreter enabled
[   16.462295] ACPI: (supports S0 S5)
[   16.658081] ACPI: Using IOAPIC for interrupt routing
[   16.839226] PCI: Using host bridge windows from ACPI; if necessary, use "pci=nocrs" and report a bug
[   17.156533] ACPI: PCI Root Bridge [PCI0] (domain 0000 [bus 00-ff])
[   17.379430] acpi PNP0A03:00: _OSC: OS supports [ExtendedConfig ASPM ClockPM Segments MSI]
[   17.656494] acpi PNP0A03:00: _OSC failed (AE_NOT_FOUND); disabling ASPM
[   18.050766] PCI host bridge to bus 0000:00
[   18.272891] pci_bus 0000:00: root bus resource [io  0x0000-0x0cf7 window]
[   18.359712] pci_bus 0000:00: root bus resource [io  0x0d00-0xffff window]
[   18.361311] pci_bus 0000:00: root bus resource [mem 0x000a0000-0x000bffff window]
[   18.362723] pci_bus 0000:00: root bus resource [mem 0x14000000-0xffdfffff window]
[   18.364124] pci_bus 0000:00: root bus resource [bus 00-ff]
[   18.366419] pci 0000:00:01.1: legacy IDE quirk: reg 0x10: [io  0x01f0-0x01f7]
[   18.374457] pci 0000:00:01.1: legacy IDE quirk: reg 0x14: [io  0x03f6]
[   18.375525] pci 0000:00:01.1: legacy IDE quirk: reg 0x18: [io  0x0170-0x0177]
[   18.376678] pci 0000:00:01.1: legacy IDE quirk: reg 0x1c: [io  0x0376]
[   18.395611] ACPI: PCI Interrupt Link [LNKA] (IRQs 5 9 10 11) *0, disabled.
[   18.403180] ACPI: PCI Interrupt Link [LNKB] (IRQs 5 9 10 *11)
[   18.404556] ACPI: PCI Interrupt Link [LNKC] (IRQs 5 9 *10 11)
[   18.405929] ACPI: PCI Interrupt Link [LNKD] (IRQs 5 *9 10 11)
[   18.407312] ACPI: Enabled 2 GPEs in block 00 to 07
[   18.408514] vgaarb: setting as boot device: PCI:0000:00:02.0
[   18.409486] vgaarb: device added: PCI:0000:00:02.0,decodes=io+mem,owns=io+mem,locks=none
[   18.685001] vgaarb: loaded
[   18.822796] vgaarb: bridge control possible 0000:00:02.0
[   19.080288] SCSI subsystem initialized
[   19.197021] ACPI: bus type USB registered
[   19.411303] usbcore: registered new interface driver usbfs
[   19.614889] usbcore: registered new interface driver hub
[   19.920954] usbcore: registered new device driver usb
[   20.234946] PCI: Using ACPI for IRQ routing
[   20.448891] NetLabel: Initializing
[   20.637013] NetLabel:  domain hash size = 128
[   20.646676] NetLabel:  protocols = UNLABELED CIPSOv4
[   20.656916] NetLabel:  unlabeled traffic allowed by default
[   21.036233] amd_nb: Cannot enumerate AMD northbridges
[   21.256757] clocksource: Switched to clocksource kvm-clock
[   21.477907] AppArmor: AppArmor Filesystem Enabled
[   21.745228] pnp: PnP ACPI init
[   21.974036] pnp: PnP ACPI: found 3 devices
[   22.278728] PnPBIOS: Disabled by ACPI PNP
[   22.457481] PM-Timer running at invalid rate: 140% of normal - aborting.
[   22.577849] NET: Registered protocol family 2
[   22.580836] TCP established hash table entries: 4096 (order: 2, 16384 bytes)
[   22.592385] TCP bind hash table entries: 4096 (order: 3, 32768 bytes)
[   22.595392] TCP: Hash tables configured (established 4096 bind 4096)
[   22.596889] UDP hash table entries: 256 (order: 1, 8192 bytes)
[   22.598303] UDP-Lite hash table entries: 256 (order: 1, 8192 bytes)
[   22.599807] NET: Registered protocol family 1
[   22.600959] pci 0000:00:00.0: Limiting direct PCI/PCI transfers
[   22.602419] pci 0000:00:01.0: Activating ISA DMA hang workarounds
[   22.604001] Unpacking initramfs...
[   25.875778] Freeing initrd memory: 10852K
[   26.091219] platform rtc_cmos: registered platform RTC device (no PNP device found)
[   26.497616] Scanning for low memory corruption every 60 seconds
[   26.519812] audit: initializing netlink subsys (disabled)
[   26.524520] audit: type=2000 audit(1523112626.271:1): initialized
[   26.526428] Initialise system trusted keyring
[   26.527728] HugeTLB registered 2 MB page size, pre-allocated 0 pages
[   26.534477] zbud: loaded
[   26.535496] VFS: Disk quotas dquot_6.6.0
[   26.536683] VFS: Dquot-cache hash table entries: 1024 (order 0, 4096 bytes)
[   26.538709] squashfs: version 4.0 (2009/01/31) Phillip Lougher
[   26.729938] fuse init (API version 7.23)
[   26.928638] Key type big_key registered
[   27.006508] Allocating IMA MOK and blacklist keyrings.
[   27.098133] clocksource: tsc: mask: 0xffffffffffffffff max_cycles: 0x33cb88feb14, max_idle_ns: 440795318714 ns
[   27.228044] Key type asymmetric registered
[   27.347443] Asymmetric key parser 'x509' registered
[   27.736885] bounce: pool size: 64 pages
[   28.033211] Block layer SCSI generic (bsg) driver version 0.4 loaded (major 249)
[   28.045767] io scheduler noop registered
[   28.046822] io scheduler deadline registered (default)
[   28.048126] io scheduler cfq registered
[   28.230708] pci_hotplug: PCI Hot Plug PCI Core version: 0.5
[   28.388869] pciehp: PCI Express Hot Plug Controller Driver version: 0.4
[   28.669083] ACPI: AC Adapter [AC] (on-line)
[   28.753452] input: Power Button as /devices/LNXSYSTM:00/LNXPWRBN:00/input/input0
[   28.755425] ACPI: Power Button [PWRF]
[   28.761074] input: Sleep Button as /devices/LNXSYSTM:00/LNXSLPBN:00/input/input1
[   28.787566] ACPI: Sleep Button [SLPF]
[   28.794267] GHES: HEST is not enabled!
[   28.795331] isapnp: Scanning for PnP cards...
[   28.802177] Serial: 8250/16550 driver, 32 ports, IRQ sharing enabled
[   28.973772] 00:02: ttyS0 at I/O 0x3f8 (irq = 4, base_baud = 115200) is a 16550A
[   29.507218] Linux agpgart interface v0.103
[   29.516390] loop: module loaded
[   29.702095] scsi host0: ata_piix
[   29.824452] scsi host1: ata_piix
[   30.094230] isapnp: No Plug & Play device found
[   30.398664] ata1: PATA max UDMA/33 cmd 0x1f0 ctl 0x3f6 bmdma 0xd000 irq 14
[   30.618621] ata2: PATA max UDMA/33 cmd 0x170 ctl 0x376 bmdma 0xd008 irq 15
[   30.626508] libphy: Fixed MDIO Bus: probed
[   30.794520] tun: Universal TUN/TAP device driver, 1.6
[   31.145012] tun: (C) 1999-2004 Max Krasnyansky <maxk@qualcomm.com>
[   31.238772] PPP generic driver version 2.4.2
[   31.251726] ehci_hcd: USB 2.0 'Enhanced' Host Controller (EHCI) Driver
[   31.560899] ehci-pci: EHCI PCI platform driver
[   31.929213] ehci-platform: EHCI generic platform driver
[   32.268665] ohci_hcd: USB 1.1 'Open' Host Controller (OHCI) Driver
[   32.340939] ohci-pci: OHCI PCI platform driver
[   32.342141] ohci-platform: OHCI generic platform driver
[   32.343444] uhci_hcd: USB Universal Host Controller Interface driver
[   32.345096] i8042: PNP: PS/2 Controller [PNP0303:PS2K,PNP0f03:PS2M] at 0x60,0x64 irq 1,12
[   32.347820] serio: i8042 KBD port at 0x60,0x64 irq 1
[   32.349086] serio: i8042 AUX port at 0x60,0x64 irq 12
[   32.350591] mousedev: PS/2 mouse device common for all mice
[   32.352323] input: AT Translated Set 2 keyboard as /devices/platform/i8042/serio0/input/input2
[   32.355021] rtc_cmos rtc_cmos: rtc core: registered rtc_cmos as rtc0
[   32.356606] rtc_cmos rtc_cmos: alarms up to one day, 114 bytes nvram
[   32.358131] i2c /dev entries driver
[   32.359206] device-mapper: uevent: version 1.0.3
[   32.360496] device-mapper: ioctl: 4.34.0-ioctl (2015-10-28) initialised: dm-devel@redhat.com
[   32.365324] platform eisa.0: Probing EISA bus 0
[   32.366500] platform eisa.0: EISA: Cannot allocate resource for mainboard
[   32.368090] platform eisa.0: Cannot allocate resource for EISA slot 1
[   32.371641] platform eisa.0: Cannot allocate resource for EISA slot 2
[   32.373150] platform eisa.0: Cannot allocate resource for EISA slot 3
[   32.374731] platform eisa.0: Cannot allocate resource for EISA slot 4
[   32.376227] platform eisa.0: Cannot allocate resource for EISA slot 5
[   32.377758] platform eisa.0: Cannot allocate resource for EISA slot 6
[   32.379264] platform eisa.0: Cannot allocate resource for EISA slot 7
[   32.380769] platform eisa.0: Cannot allocate resource for EISA slot 8
[   32.382305] platform eisa.0: EISA: Detected 0 cards
[   32.383567] cpufreq-nforce2: No nForce2 chipset.
[   32.384901] ledtrig-cpu: registered to indicate activity on CPUs
[   32.741628] NET: Registered protocol family 10
[   33.058914] NET: Registered protocol family 17
[   33.268510] Key type dns_resolver registered
[   33.297893] Using IPI No-Shortcut mode
[   33.369939] registered taskstats version 1
[   33.463463] Loading compiled-in X.509 certificates
[   33.723139] Loaded X.509 cert 'Build time autogenerated kernel key: cd25daf5f2c6791a52e12acbf66969414c24a779'
[   33.981195] zswap: loaded using pool lzo/zbud
[   33.984486] Key type trusted registered
[   34.021062] Key type encrypted registered
[   34.032210] AppArmor: AppArmor sha1 policy hashing enabled
[   34.188459] ima: No TPM chip found, activating TPM-bypass!
[   34.192565] evm: HMAC attrs: 0x1
[   34.311382]   Magic number: 14:783:838
[   34.495291] rtc_cmos rtc_cmos: setting system clock to 2018-04-07 14:50:49 UTC (1523112649)
[   34.599546] BIOS EDD facility v0.16 2004-Jun-25, 0 devices found
[   34.987687] EDD information not available.
[   35.037784] Freeing unused kernel memory: 948K
[   35.112852] Write protecting the kernel text: 8016k
[   35.404789] Write protecting the kernel read-only data: 3176k
[   35.926440] NX-protecting the kernel data: 6320k
Loading, please [   36.139172] random: udevadm: uninitialized urandom read (16 bytes read, 4 bits of entropy available)
wait...
startin[   36.148456] random: systemd-udevd: uninitialized urandom read (16 bytes read, 4 bits of entropy available)
g version 229
[   36.677644] random: udevadm: uninitialized urandom read (16 bytes read, 4 bits of entropy available)
[   36.740482] random: udevadm: uninitialized urandom read (16 bytes read, 4 bits of entropy available)
[   36.746021] random: udevadm: uninitialized urandom read (16 bytes read, 4 bits of entropy available)
[   36.850387] random: udevadm: uninitialized urandom read (16 bytes read, 4 bits of entropy available)
[   37.354076] random: systemd-udevd: uninitialized urandom read (16 bytes read, 4 bits of entropy available)
[   37.972161] random: udevadm: uninitialized urandom read (16 bytes read, 4 bits of entropy available)
[   38.381051] random: udevadm: uninitialized urandom read (16 bytes read, 4 bits of entropy available)
[   39.224711] random: systemd-udevd: uninitialized urandom read (16 bytes read, 4 bits of entropy available)
[   39.640412] Fusion MPT base driver 3.04.20
[   39.737228] Copyright (c) 1999-2008 LSI Corporation
[   39.757953] e1000: Intel(R) PRO/1000 Network Driver - version 7.3.21-k8-NAPI
[   39.809498] e1000: Copyright (c) 1999-2006 Intel Corporation.
[   39.943254] Fusion MPT SPI Host driver 3.04.20
[   40.227018] input: ImExPS/2 Generic Explorer Mouse as /devices/platform/i8042/serio1/input/input4
[   41.530543] e1000 0000:00:03.0 eth0: (PCI:33MHz:32-bit) 02:43:fb:3a:dc:1d
[   41.812757] e1000 0000:00:03.0 eth0: Intel(R) PRO/1000 Network Connection
[   42.280509] mptbase: ioc0: Initiating bringup
[   42.589619] ioc0: LSI53C1030 A0: Capabilities={Initiator}
[   42.968528] scsi host2: ioc0: LSI53C1030 A0, FwRev=00000000h, Ports=1, MaxQ=256, IRQ=20
[   43.580388] scsi 2:0:0:0: Direct-Access     VBOX     HARDDISK         1.0  PQ: 0 ANSI: 5
[   43.953436] scsi target2:0:0: Beginning Domain Validation
[   44.030376] floppy0: no floppy controllers found
[   44.449977] scsi target2:0:0: Domain Validation skipping write tests
[   44.884898] scsi target2:0:0: Ending Domain Validation
[   45.410010] scsi target2:0:0: asynchronous
[   45.772631] scsi 2:0:1:0: Direct-Access     VBOX     HARDDISK         1.0  PQ: 0 ANSI: 5
[   46.097826] scsi target2:0:1: Beginning Domain Validation
[   46.118010] e1000 0000:00:08.0 eth1: (PCI:33MHz:32-bit) 08:00:27:ee:3e:2b
[   46.638608] e1000 0000:00:08.0 eth1: Intel(R) PRO/1000 Network Connection
[   46.651332] scsi target2:0:1: Domain Validation skipping write tests
[   46.833669] scsi target2:0:1: Ending Domain Validation
[   46.838607] e1000 0000:00:08.0 enp0s8: renamed from eth1
[   47.144031] scsi target2:0:1: asynchronous
[   47.329556] e1000 0000:00:03.0 enp0s3: renamed from eth0
[   47.661954] sd 2:0:0:0: Attached scsi generic sg0 type 0
[   48.145371] sd 2:0:0:0: [sda] 20971520 512-byte logical blocks: (10.7 GB/10.0 GiB)
[   48.370670] sd 2:0:0:0: [sda] Write Protect is off
[   48.394622] sd 2:0:1:0: [sdb] 20480 512-byte logical blocks: (10.5 MB/10.0 MiB)
[   48.474541] sd 2:0:1:0: Attached scsi generic sg1 type 0
[   48.669011] sd 2:0:0:0: [sda] Incomplete mode parameter data
[   48.673288] sd 2:0:0:0: [sda] Assuming drive cache: write through
[   48.674812] sd 2:0:1:0: [sdb] Write Protect is off
[   48.676193] sd 2:0:1:0: [sdb] Incomplete mode parameter data
[   48.678998] sd 2:0:1:0: [sdb] Assuming drive cache: write through
[   48.688244]  sda: sda1
[   48.854867] sd 2:0:1:0: [sdb] Attached SCSI disk
[   49.104669] sd 2:0:0:0: [sda] Attached SCSI disk
Begin: Loading e[   51.368271] md: linear personality registered for level -1
ssential drivers[   51.679298] md: multipath personality registered for level -4
 ... [   51.893623] md: raid0 personality registered for level 0
[   52.188590] md: raid1 personality registered for level 1
[   52.377932] raid6: mmxx1    gen()   836 MB/s
[   52.479395] raid6: mmxx2    gen()  2413 MB/s
[   52.584732] raid6: sse1x1   gen()  1821 MB/s
[   52.891096] raid6: sse1x2   gen()  1527 MB/s
[   53.097535] raid6: sse2x1   gen()  1425 MB/s
[   53.197540] raid6: sse2x1   xor()   920 MB/s
[   53.296597] raid6: sse2x2   gen()  4306 MB/s
[   53.606031] raid6: sse2x2   xor()  1716 MB/s
[   53.834188] raid6: using algorithm sse2x2 gen() 4306 MB/s
[   53.852681] raid6: .... xor() 1716 MB/s, rmw enabled
[   53.863129] raid6: using ssse3x1 recovery algorithm
[   53.870824] xor: automatically using best checksumming function:
[   54.024115]    avx       :   646.000 MB/sec
[   54.264003] async_tx: api initialized (async)
[   54.571718] md: raid6 personality registered for level 6
[   54.934852] md: raid5 personality registered for level 5
[   55.038839] md: raid4 personality registered for level 4
[   55.067602] md: raid10 personality registered for level 10
done.
Begin: Running /scripts/init-premount ... done.
Begin: Mounting root file sys[   55.557529] Btrfs loaded
tem ... Begin: Running /scripts/local-top ... done.
Begin: Running /scripts/local-premount ... Scanning for Btrfs filesystems
done.
Warning: fsck no[   55.792687] EXT4-fs (sda1): mounted filesystem with ordered data mode. Opts: (null)
t present, so skipping root file system
done.
Begin: Running /scripts/local-bottom ... done.
Begin: Running /scripts/init-bottom ... done.
[   56.533879] random: nonblocking pool is initialized
[   56.915466] systemd[1]: systemd 229 running in system mode. (+PAM +AUDIT +SELINUX +IMA +APPARMOR +SMACK +SYSVINIT +UTMP +LIBCRYPTSETUP +GCRYPT +GNUTLS +ACL +XZ -LZ4 +SECCOMP +BLKID +ELFUTILS +KMOD -IDN)
[   56.929442] systemd[1]: Detected virtualization oracle.
[   56.933295] systemd[1]: Detected architecture x86.

Welcome to [1mUbuntu 16.04.4 LTS[0m!

[   56.976961] systemd[1]: Set hostname to <ubuntu>.
[   57.003291] systemd[1]: Initializing machine ID from random generator.
[   57.013163] systemd[1]: Installed transient /etc/machine-id file.
[   57.752155] systemd[1]: Listening on /dev/initctl Compatibility Named Pipe.
[[0;32m  OK  [0m] Listening on /dev/initctl Compatibility Named Pipe.
[   58.376943] systemd[1]: Listening on udev Control Socket.
[[0;32m  OK  [0m] Listening on udev Control Socket.
[   58.405276] systemd[1]: Listening on LVM2 metadata daemon socket.
[[0;32m  OK  [0m] Listening on LVM2 metadata daemon socket.
[   58.414438] systemd[1]: Set up automount Arbitrary Executable File Formats File System Automount Point.
[[0;32m  OK  [0m] Set up automount Arbitrary Executab...ats File System Automount Point.
[   58.418991] systemd[1]: Listening on Syslog Socket.
[[0;32m  OK  [0m] Listening on Syslog Socket.
[   58.427307] systemd[1]: Reached target System Time Synchronized.
[[0;32m  OK  [0m] Reached target System Time Synchronized.
[   58.557256] systemd[1]: Started Trigger resolvconf update for networkd DNS.
[[0;32m  OK  [0m] Started Trigger resolvconf update for networkd DNS.
[   59.073190] systemd[1]: Reached target Swap.
[[0;32m  OK  [0m] Reached target Swap.
[   59.409804] systemd[1]: Created slice System Slice.
[[0;32m  OK  [0m] Created slice System Slice.
[   59.513543] systemd[1]: Reached target Encrypted Volumes.
[[0;32m  OK  [0m] Reached target Encrypted Volumes.
[   59.973367] systemd[1]: Listening on Journal Audit Socket.
[[0;32m  OK  [0m] Listening on Journal Audit Socket.
[   60.377297] systemd[1]: Listening on Device-mapper event daemon FIFOs.
[[0;32m  OK  [0m] Listening on Device-mapper event daemon FIFOs.
[   60.793234] systemd[1]: Reached target User and Group Name Lookups.
[[0;32m  OK  [0m] Reached target User and Group Name Lookups.
[   61.213519] systemd[1]: Listening on Journal Socket (/dev/log).
[[0;32m  OK  [0m] Listening on Journal Socket (/dev/log).
[   61.346653] systemd[1]: Listening on LVM2 poll daemon socket.
[[0;32m  OK  [0m] Listening on LVM2 poll daemon socket.
[   61.350662] systemd[1]: Started Forward Password Requests to Wall Directory Watch.
[[0;32m  OK  [0m] Started Forward Password Requests to Wall Directory Watch.
[   61.846027] systemd[1]: Created slice User and Session Slice.
[[0;32m  OK  [0m] Created slice User and Session Slice.
[   62.165212] systemd[1]: Reached target Slices.
[[0;32m  OK  [0m] Reached target Slices.
[   62.429288] systemd[1]: Listening on Journal Socket.
[[0;32m  OK  [0m] Listening on Journal Socket.
[   62.817346] systemd[1]: Starting Remount Root and Kernel File Systems...
         Starting Remount Root and Kernel File Systems...[   63.054355] EXT4-fs (sda1): re-mounted. Opts: (null)

[   63.197852] systemd[1]: Starting Nameserver information manager...
         Starting Nameserver information manager...
[   63.447252] systemd[1]: Mounting Debug File System...
         Mounting Debug File System...
[   63.839535] systemd[1]: Starting Create list of required static device nodes for the current kernel...
         Starting Create list of required st... nodes for the current kernel...
[   63.982528] systemd[1]: Starting Monitoring of LVM2 mirrors, snapshots etc. using dmeventd or progress polling...
         Starting Monitoring of LVM2 mirrors... dmeventd or progress polling...
[   64.922723] systemd[1]: Starting Set console keymap...
         Starting Set console keymap...
[   65.038129] systemd[1]: Starting Uncomplicated firewall...
         Starting Uncomplicated firewall...
[   65.196271] systemd[1]: Starting Load Kernel Modules...
         Starting Load Kernel Modules...
[   65.578804] Loading iSCSI transport class v2.0-870.
[   65.878324] systemd[1]: Starting Journal Service...
         Starting Journal Service...
[   66.285442] systemd[1]: Mounting Huge Pages File System...
[   66.657237] iscsi: registered transport (tcp)
         Mounting Huge Pages File System...
[   66.863404] systemd[1]: Mounting POSIX Message Queue File System...
         Mounting POSIX Message Queue File System...
[   67.337389] systemd[1]: Listening on udev Kernel Socket.
[[0;32m  OK  [0m] Listening on udev Kernel Socket.
[   67.346495] systemd[1]: Created slice system-serial\x2dgetty.slice.
[[0;32m  OK  [0m] Created slice system-serial\x2dgetty.slice.
[   67.386460] systemd[1]: Mounted POSIX Message Queue File System.
[[0;32m  OK  [0m] Mounted POSIX Message Queue File System.
[   67.400959] systemd[1]: Mounted Debug File System.
[[0;32m  OK  [0m] Mounted Debug File System.
[   67.402863] systemd[1]: Mounted Huge Pages File System.
[[0;32m  OK  [0m] Mounted Huge Pages File System.
[   67.405465] systemd[1]: Started Remount Root and Kernel File Systems.
[[0;32m  OK  [0m] Started Remount Root and Kernel File Systems.
[   67.414310] systemd[1]: Started Create list of required static device nodes for the current kernel.
[[0;32m  OK  [0m] Started Create list of required sta...ce nodes for the current kernel.
[   67.514030] systemd[1]: Started Set console keymap.
[[0;32m  OK  [0[   67.813993] iscsi: registered transport (iser)
m] Started Set console keymap.
[   68.178669] systemd[1]: Started Uncomplicated firewall.
[[0;32m  OK  [0m] Started Uncomplicated firewall.
[   68.377906] systemd[1]: Started Load Kernel Modules.
[[0;32m  OK  [0m] Started Load Kernel Modules.
[   68.404477] systemd[1]: Started Nameserver information manager.
[[0;32m  OK  [0m] Started Nameserver information manager.
[   68.600964] systemd[1]: Started Journal Service.
[[0;32m  OK  [0m] Started Journal Service.
[[0;32m  OK  [0m] Started LVM2 metadata daemon.
         Mounting FUSE Control File System...
         Starting Apply Kernel Variables...
         Starting Create Static Device Nodes in /dev...
         Starting Flush Journal to Persistent Storage...
         Starting udev Coldplug all Devices...
         Starting Load/Save Random Seed...
         Starting Initial cloud-init job (pre-networking)...
[[0;32m  OK  [0m] Mounted FUSE Control File System.
[[0;32m  OK  [0m] Started Monitoring of LVM2 mirrors,...ng dmeventd or progress polling.
[[0;32m  OK  [0m] Started Apply Kernel Variables.
[[0;32m  OK  [0m] Started Create Static Device Nodes in /dev.
[[0;32m  OK  [0m] Started Load/Save Random Seed.
[[0;32m  OK  [0m] Started udev Coldplug all Devices.
[[0;32m  OK  [0m] Started Flush Journal to Persistent Storage.
         Starting udev Kernel Device Manager...
[[0;32m  OK  [0m] Started udev Kernel Device Manager.
[[0;32m  OK  [0m] Reached target Local File Systems (Pre).
[[0;32m  OK  [0m] Reached target Local File Systems.
         Starting Set console font and keymap...
         Starting Create Volatile Files and Directories...
         Starting LSB: AppArmor initialization...
         Starting Commit a transient machine-id on disk...
         Starting Tell Plymouth To Write Out Runtime Data...
[[0;32m  OK  [0m] Started Dispatch Password Requests to Console Directory Watch.
[[0;32m  OK  [0m] Started Create Volatile Files and Directories.
[[0;32m  OK  [0m] Started Commit a transient machine-id on disk.
[[0;32m  OK  [0m] Started Tell Plymouth To Write Out Runtime Data.
         Starting Update UTMP about System Boot/Shutdown...
[[0;32m  OK  [0m] Started Update UTMP about System Boot/Shutdown.
[[0;32m  OK  [0m] Found device /dev/ttyS0.
[[0;32m  OK  [0m] Started Set console font and keymap.
[[0;32m  OK  [0m] Created slice system-getty.slice.
[[0;32m  OK  [0m] Listening on Load/Save RF Kill Switch Status /dev/rfkill Watch.
[   55.505633] cloud-init[467]: Cloud-init v. 17.2 running 'init-local' at Sat, 07 Apr 2018 14:51:29 +0000. Up 54.02 seconds.
[[0;32m  OK  [0m] Started LSB: AppArmor initialization.
[[0;32m  OK  [0m] Started Initial cloud-init job (pre-networking).
[[0;32m  OK  [0m] Reached target Network (Pre).
         Starting Raise network interfaces...
[[0;32m  OK  [0m] Started Raise network interfaces.
[[0;32m  OK  [0m] Reached target Network.
         Starting Initial cloud-init job (metadata service crawler)...
[   59.093420] cloud-init[956]: Cloud-init v. 17.2 running 'init' at Sat, 07 Apr 2018 14:51:32 +0000. Up 56.93 seconds.
[   59.205300] cloud-init[956]: ci-info: ++++++++++++++++++++++++++++++++++++++Net device info++++++++++++++++++++++++++++++++++++++
[[0;32m  OK  [0m] Started Initial cloud-init job (metadata service crawler).
[   59.215086] cloud-init[956]: ci-info: +--------+-------+----------------------------+---------------+-------+-------------------+
[[0;32m  OK  [0m] Reached target System Initialization.
[   59.272664] cloud-init[956]: ci-info: | Device |   Up  |          Address           |      Mask     | Scope |     Hw-Address    |
[   59.277024] cloud-init[956]: ci-info: +--------+-------+----------------------------+---------------+-------+-------------------+
[   59.277166] cloud-init[956]: ci-info: | enp0s3 |  True |         10.0.2.15          | 255.255.255.0 |   .   | 02:43:fb:3a:dc:1d |
[   59.277303] cloud-init[956]: ci-info: | enp0s3 |  True | fe80::43:fbff:fe3a:dc1d/64 |       .       |  link | 02:43:fb:3a:dc:1d |
[   59.277436] cloud-init[956]: ci-info: | enp0s8 | False |             .              |       .       |   .   | 08:00:27:ee:3e:2b |
[   59.277591] cloud-init[956]: ci-info: |   lo   |  True |         127.0.0.1          |   255.0.0.0   |   .   |         .         |
[   59.277720] cloud-init[956]: ci-info: |   lo   |  True |          ::1/128           |       .       |  host |         .         |
[   59.277846] cloud-init[956]: ci-info: +--------+-------+----------------------------+---------------+-------+-------------------+
[   59.277972] cloud-init[956]: ci-info: +++++++++++++++++++++++++++Route IPv4 info++++++++++++++++++++++++++++
[   59.278100] cloud-init[956]: ci-info: +-------+-------------+----------+---------------+-----------+-------+
[   59.278244] cloud-init[956]: ci-info: | Route | Destination | Gateway  |    Genmask    | Interface | Flags |
[   59.278371] cloud-init[956]: ci-info: +-------+-------------+----------+---------------+-----------+-------+
[   59.278567] cloud-init[956]: ci-info: |   0   |   0.0.0.0   | 10.0.2.2 |    0.0.0.0    |   enp0s3  |   UG  |
[   59.278703] cloud-init[956]: ci-info: |   1   |   10.0.2.0  | 0.0.0.0  | 255.255.255.0 |   enp0s3  |   U   |
[   59.278843] cloud-init[956]: ci-info: +-------+-------------+----------+---------------+-----------+-------+
[   59.279076] cloud-init[956]: Generating public/private rsa key pair.
[   59.279158] cloud-init[956]: Your identification has been saved in /etc/ssh/ssh_host_rsa_key.
[   59.279232] cloud-init[956]: Your public key has been saved in /etc/ssh/ssh_host_rsa_key.pub.
[   59.279309] cloud-init[956]: The key fingerprint is:
[   59.279383] cloud-init[956]: SHA256:49DAW3mRR7wdOtbrCz9vPLo7cTJttf8uuXiufVfUkJI root@ubuntu-xenial
[   59.279458] cloud-init[956]: The key's randomart image is:
[   59.279530] cloud-init[956]: +---[RSA 2048]----+
[   59.279604] cloud-init[956]: |          .+.. . |
[   59.279683] cloud-init[956]: |     .   ...E +  |
[   59.279757] cloud-init[956]: |      o o .. * o.|
[   59.279831] cloud-init[956]: |       = .  = o +|
[   59.279908] cloud-init[956]: |      o S  . ..oo|
[   59.279998] cloud-init[956]: |       o .   +.=.|
[   59.280082] cloud-init[956]: |        .   ..*oo|
[   59.280162] cloud-init[956]: |             **.*|
[   59.280245] cloud-init[956]: |            oB@XB|
[   59.280323] cloud-init[956]: +----[SHA256]-----+
[   59.280398] cloud-init[956]: Generating public/private dsa key pair.
[   59.280476] cloud-init[956]: Your identification has been saved in /etc/ssh/ssh_host_dsa_key.
[   59.280553] cloud-init[956]: Your public key has been saved in /etc/ssh/ssh_host_dsa_key.pub.
[   59.280634] cloud-init[956]: The key fingerprint is:
[   59.280717] cloud-init[956]: SHA256:RTyHswTUtYCX+T19yuRfmrinLNdXywBV6ltG0ZUvpP8 root@ubuntu-xenial
[   59.280808] cloud-init[956]: The key's randomart image is:
[   59.280889] cloud-init[956]: +---[DSA 1024]----+
[   59.280977] cloud-init[956]: |       .o=o=. .o=|
         Starting Socket activation for snappy daemon.
[[0;32m  OK  [0m] Started Timer to automatically refresh installed snaps.[   59.281999] cloud-init[956]: |        ..@..oo.o|
[   59.720515] cloud-init[956]: |         o.*o= o.|
[   59.720619] cloud-init[956]: |         ...+ * +|
[   59.720719] cloud-init[956]: |        S   .* *.|
[   59.720821] cloud-init[956]: |             .O o|
[   59.720922] cloud-init[956]: |             +o=+|
[   59.721034] cloud-init[956]: |          ..o =oE|
[   59.721130] cloud-init[956]: |           o++ . |
[   59.721222] cloud-init[956]: +----[SHA256]-----+
[   59.721315] cloud-init[956]: Generating public/private ecdsa key pair.
[   59.721409] cloud-init[956]: Your identification has been saved in /etc/ssh/ssh_host_ecdsa_key.
[   59.721502] cloud-init[956]: Your public key has been saved in /etc/ssh/ssh_host_ecdsa_key.pub.
[   59.721594] cloud-init[956]: The key fingerprint is:
[   59.721685] cloud-init[956]: SHA256:G6li/1KuV6hIThlxqqCHNkpgUom63OFrUkLOa3UKiP0 root@ubuntu-xenial
[   59.721777] cloud-init[956]: The key's randomart image is:
[   59.721866] cloud-init[956]: +---[ECDSA 256]---+
[   59.721957] cloud-init[956]: | . .             |
[   59.722049] cloud-init[956]: |. o . .          |
[   59.722143] cloud-init[956]: |..   +           |
[   59.722232] cloud-init[956]: |=o .o    .       |
[   59.722324] cloud-init[956]: |%=o..o  S.       |
[   59.722442] cloud-init[956]: |*X+=+. .oo.      |
[   59.722533] cloud-init[956]: |+.B=*..+..       |
[   59.722624] cloud-init[956]: |.+ =Eoo o        |
[   59.722718] cloud-init[956]: |. o   o=.        |
[   59.722808] cloud-init[956]: +----[SHA256]-----+
[   59.722895] cloud-init[956]: Generating public/private ed25519 key pair.
[   59.723070] cloud-init[956]: Your identification has been saved in /etc/ssh/ssh_host_ed25519_key.
[   59.723148] cloud-init[956]: Your public key has been saved in /etc/ssh/ssh_host_ed25519_key.pub.
[   59.723220] cloud-init[956]: The key fingerprint is:
[   59.723293] cloud-init[956]: SHA256:9QvEz2DOz/tCs+uAR04WeZktVZYOP7v4OqVednl2M/w root@ubuntu-xenial
[   59.723365] cloud-init[956]: The key's randomart image is:
[   59.723434] cloud-init[956]: +--[ED25519 256]--+
[   59.723503] cloud-init[956]: |              ..+|
[   59.723574] cloud-init[956]: |         . . * o |
[   59.723645] cloud-init[956]: |          O = =  |
[   59.723716] cloud-init[956]: |         * B . + |
[   59.723784] cloud-init[956]: |        S B +   o|
[   59.723853] cloud-init[956]: |         * +o..o.|
[   59.723922] cloud-init[956]: |        . +.+o+B*|
[   59.723993] cloud-init[956]: |         . .o=ooB|
[   59.724391] cloud-init[956]: |           .=*=.E|
[   59.724468] cloud-init[956]: +----[SHA256]-----+

[[0;32m  OK  [0m] Started Daily apt download activities.
[[0;32m  OK  [0m] Started Daily apt upgrade and clean activities.
[[0;32m  OK  [0m] Started Daily Cleanup of Temporary Directories.
[[0;32m  OK  [0m] Reached target Timers.
[[0;32m  OK  [0m] Listening on D-Bus System Message Bus Socket.
[[0;32m  OK  [0m] Started ACPI Events Check.
[[0;32m  OK  [0m] Reached target Paths.
         Starting LXD - unix socket.
[[0;32m  OK  [0m] Listening on UUID daemon activation socket.
[[0;32m  OK  [0m] Listening on ACPID Listen Socket.
[[0;32m  OK  [0m] Reached target Cloud-config availability.
[[0;32m  OK  [0m] Reached target Network is Online.
         Starting iSCSI initiator daemon (iscsid)...
[[0;32m  OK  [0m] Listening on Socket activation for snappy daemon.
[[0;32m  OK  [0m] Listening on LXD - unix socket.
[[0;32m  OK  [0m] Reached target Sockets.
[[0;32m  OK  [0m] Reached target Basic System.
         Starting Apply the settings specified in cloud-config...
[[0;32m  OK  [0m] Started Deferred execution scheduler.
[[0;32m  OK  [0m] Started Regular background program processing daemon.
[[0;32m  OK  [0m] Started FUSE filesystem for LXC.
         Starting Virtualbox guest utils...
         Starting Pollinate to seed the pseudo random number generator...
[[0;32m  OK  [0m] Started ACPI event daemon.
         Starting Accounts Service...
         Starting Login Service...
         Starting /etc/rc.local Compatibility...
[[0;32m  OK  [0m] Started D-Bus System Message Bus.
         Starting System Logging Service...
[[0;32m  OK  [0m] Started Unattended Upgrades Shutdown.
         Starting LSB: MD monitoring daemon...
         Starting LSB: Record successful boot for GRUB...
         Starting LXD - container startup/shutdown...
         Starting Snappy daemon...
[[0;32m  OK  [0m] Started /etc/rc.local Compatibility.
[[0;32m  OK  [0m] Started iSCSI initiator daemon (iscsid).
[[0;32m  OK  [0m] Started System Logging Service.
[   62.261780] cloud-init[1051]: Generating locales (this might take a while)...
[[0;32m  OK  [0m] Started Login Service.
         Starting Authenticate and Authorize Users to Run Privileged Tasks...
         Starting Login to default iSCSI targets...
[[0;32m  OK  [0m] Started LSB: Record successful boot for GRUB.
[[0;32m  OK  [0m] Started Authenticate and Authorize Users to Run Privileged Tasks.
[[0;32m  OK  [0m] Started Login to default iSCSI targets.
[[0;32m  OK  [0m] Started LSB: MD monitoring daemon.
[[0;32m  OK  [0m] Started Accounts Service.
[[0;32m  OK  [0m] Reached target Remote File Systems (Pre).
[[0;32m  OK  [0m] Reached target Remote File Systems.
         Starting LSB: daemon to balance interrupts for SMP systems...
         Starting Permit User Sessions...
         Starting LSB: Set the CPU Frequency Scaling governor to "ondemand"...
         Starting LSB: automatic crash report generation...
[[0;32m  OK  [0m] Started Virtualbox guest utils.
[[0;32m  OK  [0m] Started Permit User Sessions.
         Starting Terminate Plymouth Boot Screen...
         Starting Hold until boot process finishes up...
[[0;32m  OK  [0m] Started Terminate Plymouth Boot Screen.
[[0;32m  OK  [0m] Started Hold until boot process finishes up.
[[0;32m  OK  [0m] Started Serial Getty on ttyS0.
         Starting Set console scheme...
[[0;32m  OK  [0m] Started Getty on tty1.
[[0;32m  OK  [0m] Reached target Login Prompts.
[[0;32m  OK  [0m] Started LXD - container startup/shutdown.
[[0;32m  OK  [0m] Started LSB: daemon to balance interrupts for SMP systems.
[[0;32m  OK  [0m] Started LSB: Set the CPU Frequency Scaling governor to "ondemand".
[[0;32m  OK  [0m] Started LSB: automatic crash report generation.
[[0;32m  OK  [0m] Started Set console scheme.
[[0;32m  OK  [0m] Started Pollinate to seed the pseudo random number generator.
[[0;32m  OK  [0m] Started Snappy daemon.
         Starting OpenBSD Secure Shell server...
[[0;32m  OK  [0m] Started OpenBSD Secure Shell server.
[[0;32m  OK  [0m] Reached target Multi-User System.
[[0;32m  OK  [0m] Reached target Graphical Interface.
         Starting Update UTMP about System Runlevel Changes...
[[0;32m  OK  [0m] Started Update UTMP about System Runlevel Changes.
[[0;32m  OK  [0m] Created slice User Slice of vagrant.
         Starting User Manager for UID 1000...
[[0;32m  OK  [0m] Started User Manager for UID 1000.
[[0;32m  OK  [0m] Started Session 1 of user vagrant.
[   65.498831] cloud-init[1051]:   en_US.UTF-8... done
[   65.522920] cloud-init[1051]: Generation complete.
[   67.865795] cloud-init[1051]: Cloud-init v. 17.2 running 'modules:config' at Sat, 07 Apr 2018 14:51:37 +0000. Up 61.35 seconds.
[[0;32m  OK  [0m] Started Apply the settings specified in cloud-config.
         Starting Execute cloud user/final scripts...

Ubuntu 16.04.4 LTS ubuntu-xenial ttyS0

ubuntu-xenial login: ci-info: no authorized ssh keys fingerprints found for user ubuntu.
<14>Apr  7 14:51:45 ec2: 
<14>Apr  7 14:51:45 ec2: #############################################################
<14>Apr  7 14:51:45 ec2: -----BEGIN SSH HOST KEY FINGERPRINTS-----
<14>Apr  7 14:51:45 ec2: 1024 SHA256:RTyHswTUtYCX+T19yuRfmrinLNdXywBV6ltG0ZUvpP8 root@ubuntu-xenial (DSA)
<14>Apr  7 14:51:45 ec2: 256 SHA256:G6li/1KuV6hIThlxqqCHNkpgUom63OFrUkLOa3UKiP0 root@ubuntu-xenial (ECDSA)
<14>Apr  7 14:51:45 ec2: 256 SHA256:9QvEz2DOz/tCs+uAR04WeZktVZYOP7v4OqVednl2M/w root@ubuntu-xenial (ED25519)
<14>Apr  7 14:51:45 ec2: 2048 SHA256:49DAW3mRR7wdOtbrCz9vPLo7cTJttf8uuXiufVfUkJI root@ubuntu-xenial (RSA)
<14>Apr  7 14:51:45 ec2: -----END SSH HOST KEY FINGERPRINTS-----
<14>Apr  7 14:51:45 ec2: #############################################################
-----BEGIN SSH HOST KEY KEYS-----
ecdsa-sha2-nistp256 AAAAE2VjZHNhLXNoYTItbmlzdHAyNTYAAAAIbmlzdHAyNTYAAABBBNUU40Z3QC3Gna6Yq8OzPSZGwS09mZaAJsb5wa2DDl1sBCnLE/gtjiWFVQ7etehbOoYiVBEPlKGA5JXkd0DGWcE= root@ubuntu-xenial
ssh-ed25519 AAAAC3NzaC1lZDI1NTE5AAAAIMWaqOdoYz9sUvk2AyHfLpQDDKeq+EGG5TI07zncLMDR root@ubuntu-xenial
ssh-rsa AAAAB3NzaC1yc2EAAAADAQABAAABAQDHlUVJYEN/deu5Gc9xTbH8smRECEZolp93FfnEw4U8M+QafqE449ERb8enGFwKGio7IHO5Mi81+eU2v05z2sgMZ/WVnwWztipxLlBYBk8mCWFkW0VEiVnciRFbOgzC9+dUFHgsNSuyIMFJ06iD6GJvlp0LNVjDfOAuApfWY/RAuMYVARKsK8Yyi9ifLv2PvSl82IYs7p+0vtl2U+43q1EIT4E4TrLSb5f5GnIXiA5PIN2JYnB5v2D03r+Z2Ee0H6RQLSoKoWRVup+NgoEE7+BBf3+fmFzLV/9iWFpb7XLH+AJgUetGSQjb8Vhy72SCVbcGr8AlMBw+h2rdGpa3tYYP root@ubuntu-xenial
-----END SSH HOST KEY KEYS-----
[   70.094229] cloud-init[1435]: Cloud-init v. 17.2 running 'modules:final' at Sat, 07 Apr 2018 14:51:45 +0000. Up 69.34 seconds.
[   70.094547] cloud-init[1435]: ci-info: no authorized ssh keys fingerprints found for user ubuntu.
[   70.094689] cloud-init[1435]: Cloud-init v. 17.2 finished at Sat, 07 Apr 2018 14:51:45 +0000. Datasource DataSourceNoCloud [seed=/dev/sdb][dsmode=net].  Up 70.08 seconds
